Base path: C:/Program Files (x86)/Unity/Editor/Data
Pipe name: \\.\pipe\UnityShaderCompiler-1-3768
Cmd: getPlatforms
Cmd: preprocess
  insize=7152 outsize=451 ok=1
Cmd: compileSnippet
  error: 2 plat 4 at (79): 'tex2D': no matching 3 parameter intrinsic function; Possible intrinsic functions are: tex2D(sampler2D, float2|half2|min10float2|min16float2) tex2D(sampler2D, float2|half2|min10float2|min16float2, float2|half2|min10float2|min16float2, float2|half2|min10float2|min16float2)
  api=4 type=0 insize=6754 outsize=0 kw= ok=0
Cmd: preprocess
  insize=2018 outsize=440 ok=1
Cmd: preprocess
  insize=4159 outsize=489 ok=1
Cmd: preprocess
  insize=2672 outsize=447 ok=1
Cmd: preprocess
  insize=453 outsize=1199 ok=1
Cmd: preprocess
  insize=2686 outsize=463 ok=1
Cmd: compileSnippet
  api=4 type=0 insize=2444 outsize=1307 kw= ok=1
Cmd: compileSnippet
  error: 2 plat 4 at (51): function 'mainImage' missing implementation
  api=4 type=1 insize=2444 outsize=0 kw= ok=0
Cmd: preprocess
  insize=2691 outsize=464 ok=1
Cmd: compileSnippet
  error: 2 plat 4 at (78): undeclared identifier 'o'
  api=4 type=0 insize=2448 outsize=0 kw= ok=0
Cmd: preprocess
  insize=2677 outsize=464 ok=1
Cmd: compileSnippet
  api=4 type=0 insize=2435 outsize=1307 kw= ok=1
Cmd: compileSnippet
  api=4 type=1 insize=2435 outsize=2932 kw= ok=1
